app/build/intermediates/manifest_merge_blame_file/debug/manifest-merger-blame-debug-report.txt
1<?xml version="1.0" encoding="utf-8"?>
2<manifest xmlns:android="http://schemas.android.com/apk/res/android"
3    package="com.example.android.eduhub"
4    android:versionCode="1"
5    android:versionName="1.0" >
6
7    <uses-sdk
8        android:minSdkVersion="15"
8-->src\main\AndroidManifest.xml
9        android:targetSdkVersion="27" />
9-->src\main\AndroidManifest.xml
10
11    <uses-permission android:name="android.permission.INTERNET" />
11-->src\main\AndroidManifest.xml:5:5-67
11-->src\main\AndroidManifest.xml:5:22-64
12    <uses-permission android:name="android.permission.WRITE_EXTERNAL_STORAGE" />
12-->src\main\AndroidManifest.xml:6:5-81
12-->src\main\AndroidManifest.xml:6:22-78
13    <uses-permission android:name="android.permission.ACCESS_NETWORK_STATE" />
13-->src\main\AndroidManifest.xml:7:5-78
13-->src\main\AndroidManifest.xml:7:22-76
14    <uses-permission android:name="android.permission.ACCESS_WIFI_STATE" />
14-->src\main\AndroidManifest.xml:8:5-75
14-->src\main\AndroidManifest.xml:8:22-73
15
16    <application
16-->src\main\AndroidManifest.xml:10:5-66:19
17        android:allowBackup="true"
17-->src\main\AndroidManifest.xml:11:9-35
18        android:debuggable="true"
19        android:icon="@drawable/graduation_hat_cert"
19-->src\main\AndroidManifest.xml:12:9-53
20        android:label="@string/app_name"
20-->src\main\AndroidManifest.xml:13:9-41
21        android:supportsRtl="true"
21-->src\main\AndroidManifest.xml:14:9-35
22        android:theme="@style/CustomActionBarTheme" >
22-->src\main\AndroidManifest.xml:15:9-52
23        <activity
23-->src\main\AndroidManifest.xml:16:9-23:20
24            android:name="com.example.android.eduhub.MainActivity"
24-->src\main\AndroidManifest.xml:16:19-47
25            android:windowSoftInputMode="adjustPan" >
25-->src\main\AndroidManifest.xml:17:13-52
26            <intent-filter>
26-->src\main\AndroidManifest.xml:18:13-22:29
27                <action android:name="android.intent.action.MAIN" />
27-->src\main\AndroidManifest.xml:19:17-69
27-->src\main\AndroidManifest.xml:19:25-66
28
29                <category android:name="android.intent.category.LAUNCHER" />
29-->src\main\AndroidManifest.xml:21:17-77
29-->src\main\AndroidManifest.xml:21:27-74
30            </intent-filter>
31        </activity>
32        <activity
32-->src\main\AndroidManifest.xml:24:9-26:58
33            android:name="com.example.android.eduhub.Register"
33-->src\main\AndroidManifest.xml:24:19-43
34            android:theme="@style/CustomActionBarTheme"
34-->src\main\AndroidManifest.xml:26:13-56
35            android:windowSoftInputMode="adjustPan" />
35-->src\main\AndroidManifest.xml:25:13-52
36
37        <meta-data
37-->src\main\AndroidManifest.xml:28:9-30:57
38            android:name="preloaded_fonts"
38-->src\main\AndroidManifest.xml:29:13-43
39            android:resource="@array/preloaded_fonts" />
39-->src\main\AndroidManifest.xml:30:13-54
40
41        <activity
41-->src\main\AndroidManifest.xml:31:9-33:58
42            android:name="com.example.android.eduhub.RegisterPopUp"
42-->src\main\AndroidManifest.xml:32:13-42
43            android:theme="@style/AppTheme.popUpTheme" />
43-->src\main\AndroidManifest.xml:33:13-55
44        <activity
44-->src\main\AndroidManifest.xml:34:9-36:58
45            android:name="com.example.android.eduhub.LoginPopUp"
45-->src\main\AndroidManifest.xml:35:13-39
46            android:theme="@style/AppTheme.popUpTheme" />
46-->src\main\AndroidManifest.xml:36:13-55
47        <activity
47-->src\main\AndroidManifest.xml:37:9-41:55
48            android:name="com.example.android.eduhub.ContentMainActivity"
48-->src\main\AndroidManifest.xml:38:13-48
49            android:label="@string/title_activity_content_main"
49-->src\main\AndroidManifest.xml:39:13-64
50            android:theme="@style/CustomActionBarThemeForContent"
50-->src\main\AndroidManifest.xml:40:13-66
51            android:windowSoftInputMode="adjustPan" />
51-->src\main\AndroidManifest.xml:41:13-52
52        <activity
52-->src\main\AndroidManifest.xml:43:9-44:64
53            android:name="com.example.android.eduhub.EditProfilePopUp"
53-->src\main\AndroidManifest.xml:43:19-51
54            android:theme="@style/AppTheme.popUpThemeForEdit" />
54-->src\main\AndroidManifest.xml:44:13-62
55        <activity
55-->src\main\AndroidManifest.xml:46:9-47:58
56            android:name="com.example.android.eduhub.maths1MCQ"
56-->src\main\AndroidManifest.xml:46:19-44
57            android:theme="@style/CustomActionBarTheme" />
57-->src\main\AndroidManifest.xml:47:13-56
58        <activity
58-->src\main\AndroidManifest.xml:48:9-49:58
59            android:name="com.example.android.eduhub.maths2MCQ"
59-->src\main\AndroidManifest.xml:48:19-44
60            android:theme="@style/CustomActionBarTheme" />
60-->src\main\AndroidManifest.xml:49:13-56
61        <activity
61-->src\main\AndroidManifest.xml:50:9-51:58
62            android:name="com.example.android.eduhub.addmath1MCQ"
62-->src\main\AndroidManifest.xml:50:19-46
63            android:theme="@style/CustomActionBarTheme" />
63-->src\main\AndroidManifest.xml:51:13-56
64        <activity
64-->src\main\AndroidManifest.xml:52:9-53:58
65            android:name="com.example.android.eduhub.addmath2MCQ"
65-->src\main\AndroidManifest.xml:52:19-46
66            android:theme="@style/CustomActionBarTheme" />
66-->src\main\AndroidManifest.xml:53:13-56
67        <activity
67-->src\main\AndroidManifest.xml:54:9-55:58
68            android:name="com.example.android.eduhub.phy1MCQ"
68-->src\main\AndroidManifest.xml:54:19-42
69            android:theme="@style/CustomActionBarTheme" />
69-->src\main\AndroidManifest.xml:55:13-56
70        <activity
70-->src\main\AndroidManifest.xml:56:9-57:58
71            android:name="com.example.android.eduhub.phy2MCQ"
71-->src\main\AndroidManifest.xml:56:19-42
72            android:theme="@style/CustomActionBarTheme" />
72-->src\main\AndroidManifest.xml:57:13-56
73        <activity
73-->src\main\AndroidManifest.xml:58:9-59:58
74            android:name="com.example.android.eduhub.chem1MCQ"
74-->src\main\AndroidManifest.xml:58:19-43
75            android:theme="@style/CustomActionBarTheme" />
75-->src\main\AndroidManifest.xml:59:13-56
76        <activity
76-->src\main\AndroidManifest.xml:60:9-61:58
77            android:name="com.example.android.eduhub.chem2MCQ"
77-->src\main\AndroidManifest.xml:60:19-43
78            android:theme="@style/CustomActionBarTheme" />
78-->src\main\AndroidManifest.xml:61:13-56
79        <activity
79-->src\main\AndroidManifest.xml:62:9-63:58
80            android:name="com.example.android.eduhub.bio1MCQ"
80-->src\main\AndroidManifest.xml:62:19-42
81            android:theme="@style/CustomActionBarTheme" />
81-->src\main\AndroidManifest.xml:63:13-56
82        <activity
82-->src\main\AndroidManifest.xml:64:9-65:58
83            android:name="com.example.android.eduhub.bio2MCQ"
83-->src\main\AndroidManifest.xml:64:19-42
84            android:theme="@style/CustomActionBarTheme" />
84-->src\main\AndroidManifest.xml:65:13-56
85    </application>
86
87</manifest>